20:53:11 - ERR - post - ("Error al validar el request -> {'login_password': ['Missing data for required field.'], 'login_user': ['Missing data for required field.'], 'password': ['Unknown field.'], 'email': ['Unknown field.']}",)
20:53:13 - ERR - post - ("Error al validar el request -> {'login_password': ['Missing data for required field.'], 'login_user': ['Missing data for required field.'], 'password': ['Unknown field.'], 'email': ['Unknown field.']}",)
20:53:19 - ERR - post - ("Error al validar el request -> {'login_password': ['Missing data for required field.'], 'login_user': ['Missing data for required field.'], 'password': ['Unknown field.'], 'email': ['Unknown field.']}",)
20:53:21 - ERR - post - ("Error al validar el request -> {'login_password': ['Missing data for required field.'], 'login_user': ['Missing data for required field.'], 'password': ['Unknown field.'], 'email': ['Unknown field.']}",)
20:53:47 - ERR - post - ("Error al validar el request -> {'login_password': ['Missing data for required field.'], 'login_user': ['Missing data for required field.'], 'password': ['Unknown field.'], 'email': ['Unknown field.']}",)
20:54:10 - ERR - post - ("Error al validar el request -> {'login_password': ['Missing data for required field.'], 'login_user': ['Missing data for required field.'], 'password': ['Unknown field.'], 'email': ['Unknown field.']}",)
20:54:10 - ERR - post - ("Error al validar el request -> {'login_password': ['Missing data for required field.'], 'login_user': ['Missing data for required field.'], 'password': ['Unknown field.'], 'email': ['Unknown field.']}",)
20:54:11 - ERR - post - ("Error al validar el request -> {'login_password': ['Missing data for required field.'], 'login_user': ['Missing data for required field.'], 'password': ['Unknown field.'], 'email': ['Unknown field.']}",)
20:54:23 - ERR - post - ("Error al validar el request -> {'login_password': ['Missing data for required field.'], 'login_user': ['Missing data for required field.'], 'password': ['Unknown field.'], 'email': ['Unknown field.']}",)
20:54:33 - ERR - post - ("Error al validar el request -> {'login_password': ['Missing data for required field.'], 'login_user': ['Missing data for required field.'], 'password': ['Unknown field.'], 'email': ['Unknown field.']}",)
20:57:28 - ERR - TokenValidate - ('Not enough segments',)
20:57:46 - ERR - TokenValidate - ('Not enough segments',)
20:57:47 - ERR - TokenValidate - ('Not enough segments',)
20:57:57 - ERR - TokenValidate - ('Not enough segments',)
20:57:58 - ERR - TokenValidate - ('Not enough segments',)
20:57:58 - ERR - TokenValidate - ('Not enough segments',)
20:57:58 - ERR - TokenValidate - ('Not enough segments',)
20:57:59 - ERR - TokenValidate - ('Not enough segments',)
20:57:59 - ERR - TokenValidate - ('Not enough segments',)
21:05:58 - ERR - post - ("Error al validar el request -> {'user_id': ['Missing data for required field.'], 'titulo': ['Unknown field.']}",)
21:06:26 - ERR - post - ("Error al validar el request -> {'titulo': ['Unknown field.']}",)
21:06:44 - ERR - post - ("Error al validar el request -> {'user_id': ['Missing data for required field.'], 'titulo': ['Unknown field.']}",)
21:07:00 - ERR - post - ("Error al validar el request -> {'user_id': ['Missing data for required field.'], 'titulo': ['Unknown field.']}",)
21:07:00 - ERR - post - ("Error al validar el request -> {'user_id': ['Missing data for required field.'], 'titulo': ['Unknown field.']}",)
21:07:03 - ERR - post - ("Error al validar el request -> {'user_id': ['Missing data for required field.'], 'titulo': ['Unknown field.']}",)
21:09:31 - ERR - post - ("Error al validar el request -> {'user_id': ['Missing data for required field.'], 'titulo': ['Unknown field.']}",)
21:10:12 - ERR - post - ("Error al validar el request -> {'user_id': ['Missing data for required field.'], 'login_password': ['Unknown field.'], 'login_user': ['Unknown field.'], 'titulo': ['Unknown field.']}",)
21:10:24 - ERR - post - ("Error al validar el request -> {'user_id': ['Missing data for required field.'], 'login_user': ['Unknown field.'], 'titulo': ['Unknown field.']}",)
21:10:26 - ERR - post - ("Error al validar el request -> {'user_id': ['Missing data for required field.'], 'login_user': ['Unknown field.'], 'titulo': ['Unknown field.']}",)
21:10:31 - ERR - post - ("Error al validar el request -> {'user_id': ['Missing data for required field.'], 'titulo': ['Unknown field.']}",)
21:11:49 - ERR - post - ("Error al validar el request -> {'login_password': ['Missing data for required field.'], 'login_user': ['Missing data for required field.'], 'email': ['Unknown field.'], 'password': ['Unknown field.']}",)
21:12:16 - ERR - post - ("Error al validar el request -> {'login_password': ['Missing data for required field.'], 'login_user': ['Missing data for required field.'], 'email': ['Unknown field.'], 'password': ['Unknown field.']}",)
21:12:26 - ERR - post - ("Error al validar el request -> {'login_password': ['Missing data for required field.'], 'login_user': ['Missing data for required field.'], 'email': ['Unknown field.'], 'password': ['Unknown field.']}",)
21:14:10 - ERR - post - ("Error al validar el request -> {'login_user': ['Missing data for required field.'], 'login_password': ['Missing data for required field.'], 'email': ['Unknown field.'], 'password': ['Unknown field.']}",)
21:14:20 - ERR - post - ("Error al validar el request -> {'login_user': ['Missing data for required field.'], 'login_password': ['Missing data for required field.'], 'email': ['Unknown field.'], 'password': ['Unknown field.']}",)
21:14:24 - ERR - post - ("Error al validar el request -> {'login_user': ['Missing data for required field.'], 'login_password': ['Missing data for required field.'], 'email': ['Unknown field.'], 'password': ['Unknown field.']}",)
21:14:26 - ERR - post - ("Error al validar el request -> {'login_user': ['Missing data for required field.'], 'login_password': ['Missing data for required field.'], 'email': ['Unknown field.'], 'password': ['Unknown field.']}",)
21:16:28 - ERR - post - ("Error al validar el request -> {'login_user': ['Missing data for required field.'], 'login_password': ['Missing data for required field.'], 'email': ['Unknown field.'], 'password': ['Unknown field.']}",)
21:16:52 - ERR - post - ("Error al validar el request -> {'login_user': ['Missing data for required field.'], 'login_password': ['Missing data for required field.'], 'email': ['Unknown field.'], 'password': ['Unknown field.']}",)
21:16:54 - ERR - post - ("Error al validar el request -> {'login_user': ['Missing data for required field.'], 'login_password': ['Missing data for required field.'], 'email': ['Unknown field.'], 'password': ['Unknown field.']}",)
21:17:15 - ERR - post - ("Error al validar el request -> {'login_user': ['Missing data for required field.'], 'login_password': ['Missing data for required field.'], 'email': ['Unknown field.'], 'password': ['Unknown field.']}",)
21:17:16 - ERR - post - ("Error al validar el request -> {'login_user': ['Missing data for required field.'], 'login_password': ['Missing data for required field.'], 'email': ['Unknown field.'], 'password': ['Unknown field.']}",)
21:17:17 - ERR - post - ("Error al validar el request -> {'login_user': ['Missing data for required field.'], 'login_password': ['Missing data for required field.'], 'email': ['Unknown field.'], 'password': ['Unknown field.']}",)
21:17:43 - ERR - post - ("Error al validar el request -> {'login_user': ['Missing data for required field.'], 'login_password': ['Missing data for required field.'], 'email': ['Unknown field.'], 'password': ['Unknown field.']}",)
21:17:44 - ERR - post - ("Error al validar el request -> {'login_user': ['Missing data for required field.'], 'login_password': ['Missing data for required field.'], 'email': ['Unknown field.'], 'password': ['Unknown field.']}",)
21:17:45 - ERR - post - ("Error al validar el request -> {'login_user': ['Missing data for required field.'], 'login_password': ['Missing data for required field.'], 'email': ['Unknown field.'], 'password': ['Unknown field.']}",)
21:18:50 - ERR - post - ("Error al validar el request -> {'login_user': ['Missing data for required field.'], 'login_password': ['Missing data for required field.'], 'email': ['Unknown field.'], 'password': ['Unknown field.']}",)
21:20:42 - ERR - post - ("Error al validar el request -> {'login_user': ['Missing data for required field.'], 'login_password': ['Missing data for required field.'], 'email': ['Unknown field.'], 'password': ['Unknown field.']}",)
21:20:43 - ERR - post - ("Error al validar el request -> {'login_user': ['Missing data for required field.'], 'login_password': ['Missing data for required field.'], 'email': ['Unknown field.'], 'password': ['Unknown field.']}",)
21:20:43 - ERR - post - ("Error al validar el request -> {'login_user': ['Missing data for required field.'], 'login_password': ['Missing data for required field.'], 'email': ['Unknown field.'], 'password': ['Unknown field.']}",)
21:20:43 - ERR - post - ("Error al validar el request -> {'login_user': ['Missing data for required field.'], 'login_password': ['Missing data for required field.'], 'email': ['Unknown field.'], 'password': ['Unknown field.']}",)
21:20:44 - ERR - post - ("Error al validar el request -> {'login_user': ['Missing data for required field.'], 'login_password': ['Missing data for required field.'], 'email': ['Unknown field.'], 'password': ['Unknown field.']}",)
21:21:00 - ERR - post - ("Error al validar el request -> {'login_user': ['Missing data for required field.'], 'login_password': ['Missing data for required field.'], 'email': ['Unknown field.'], 'password': ['Unknown field.']}",)
21:21:01 - ERR - post - ("Error al validar el request -> {'login_user': ['Missing data for required field.'], 'login_password': ['Missing data for required field.'], 'email': ['Unknown field.'], 'password': ['Unknown field.']}",)
21:21:01 - ERR - post - ("Error al validar el request -> {'login_user': ['Missing data for required field.'], 'login_password': ['Missing data for required field.'], 'email': ['Unknown field.'], 'password': ['Unknown field.']}",)
22:37:30 - ERR - post - ("Error al validar el request -> {'login_password': ['Missing data for required field.'], 'login_user': ['Missing data for required field.'], 'password': ['Unknown field.'], 'email': ['Unknown field.']}",)
22:37:30 - ERR - post - ("Error al validar el request -> {'login_password': ['Missing data for required field.'], 'login_user': ['Missing data for required field.'], 'password': ['Unknown field.'], 'email': ['Unknown field.']}",)
22:37:32 - ERR - post - ("Error al validar el request -> {'login_password': ['Missing data for required field.'], 'login_user': ['Missing data for required field.'], 'password': ['Unknown field.'], 'email': ['Unknown field.']}",)
22:37:32 - ERR - post - ("Error al validar el request -> {'login_password': ['Missing data for required field.'], 'login_user': ['Missing data for required field.'], 'password': ['Unknown field.'], 'email': ['Unknown field.']}",)
22:37:35 - ERR - post - ("Error al validar el request -> {'login_password': ['Missing data for required field.'], 'login_user': ['Missing data for required field.'], 'password': ['Unknown field.'], 'email': ['Unknown field.']}",)
22:37:42 - ERR - post - ("Error al validar el request -> {'login_password': ['Missing data for required field.'], 'login_user': ['Missing data for required field.'], 'password': ['Unknown field.'], 'email': ['Unknown field.']}",)
22:42:16 - ERR - post - ("Error al validar el request -> {'login_password': ['Missing data for required field.'], 'login_user': ['Missing data for required field.'], 'password': ['Unknown field.'], 'email': ['Unknown field.']}",)
22:42:17 - ERR - post - ("Error al validar el request -> {'login_password': ['Missing data for required field.'], 'login_user': ['Missing data for required field.'], 'password': ['Unknown field.'], 'email': ['Unknown field.']}",)
22:42:58 - ERR - post - ("Error al validar el request -> {'login_password': ['Missing data for required field.'], 'login_user': ['Missing data for required field.'], 'password': ['Unknown field.'], 'email': ['Unknown field.']}",)
22:47:31 - ERR - post - ("Error al validar el request -> {'login_password': ['Missing data for required field.'], 'login_email': ['Missing data for required field.'], 'password': ['Unknown field.'], 'email': ['Unknown field.']}",)
22:47:32 - ERR - post - ("Error al validar el request -> {'login_password': ['Missing data for required field.'], 'login_email': ['Missing data for required field.'], 'password': ['Unknown field.'], 'email': ['Unknown field.']}",)
22:48:11 - ERR - post - ("Error al validar el request -> {'login_password': ['Missing data for required field.'], 'login_email': ['Missing data for required field.'], 'password': ['Unknown field.'], 'email': ['Unknown field.']}",)
22:48:18 - ERR - post - ("Error al validar el request -> {'login_password': ['Missing data for required field.'], 'login_email': ['Missing data for required field.'], 'password': ['Unknown field.'], 'email': ['Unknown field.']}",)
22:55:44 - ERR - post - ("Error al validar el request -> {'login_email': ['Missing data for required field.'], 'login_password': ['Missing data for required field.'], 'password': ['Unknown field.'], 'email': ['Unknown field.']}",)
22:55:45 - ERR - post - ("Error al validar el request -> {'login_email': ['Missing data for required field.'], 'login_password': ['Missing data for required field.'], 'password': ['Unknown field.'], 'email': ['Unknown field.']}",)
22:55:46 - ERR - post - ("Error al validar el request -> {'login_email': ['Missing data for required field.'], 'login_password': ['Missing data for required field.'], 'password': ['Unknown field.'], 'email': ['Unknown field.']}",)
22:55:47 - ERR - post - ("Error al validar el request -> {'login_email': ['Missing data for required field.'], 'login_password': ['Missing data for required field.'], 'password': ['Unknown field.'], 'email': ['Unknown field.']}",)
22:55:47 - ERR - post - ("Error al validar el request -> {'login_email': ['Missing data for required field.'], 'login_password': ['Missing data for required field.'], 'password': ['Unknown field.'], 'email': ['Unknown field.']}",)
22:55:47 - ERR - post - ("Error al validar el request -> {'login_email': ['Missing data for required field.'], 'login_password': ['Missing data for required field.'], 'password': ['Unknown field.'], 'email': ['Unknown field.']}",)
22:55:55 - ERR - post - ("Error al validar el request -> {'login_email': ['Missing data for required field.'], 'login_password': ['Missing data for required field.'], 'password': ['Unknown field.'], 'email': ['Unknown field.']}",)
22:56:40 - ERR - post - ("Error al validar el request -> {'login_password': ['Missing data for required field.'], 'login_email': ['Missing data for required field.'], 'password': ['Unknown field.'], 'email': ['Unknown field.']}",)
22:56:41 - ERR - post - ("Error al validar el request -> {'login_password': ['Missing data for required field.'], 'login_email': ['Missing data for required field.'], 'password': ['Unknown field.'], 'email': ['Unknown field.']}",)
22:56:42 - ERR - post - ("Error al validar el request -> {'login_password': ['Missing data for required field.'], 'login_email': ['Missing data for required field.'], 'password': ['Unknown field.'], 'email': ['Unknown field.']}",)
22:56:42 - ERR - post - ("Error al validar el request -> {'login_password': ['Missing data for required field.'], 'login_email': ['Missing data for required field.'], 'password': ['Unknown field.'], 'email': ['Unknown field.']}",)
22:56:42 - ERR - post - ("Error al validar el request -> {'login_password': ['Missing data for required field.'], 'login_email': ['Missing data for required field.'], 'password': ['Unknown field.'], 'email': ['Unknown field.']}",)
23:20:58 - ERR - post - ("Error al validar el request -> {'login_email': ['Missing data for required field.'], 'login_user': ['Unknown field.']}",)
23:21:10 - ERR - post - ("Error al validar el request -> {'login_email': ['Missing data for required field.'], 'login_user': ['Unknown field.']}",)
23:21:12 - ERR - post - ("Error al validar el request -> {'login_email': ['Missing data for required field.'], 'login_user': ['Unknown field.']}",)
23:21:13 - ERR - post - ("Error al validar el request -> {'login_email': ['Missing data for required field.'], 'login_user': ['Unknown field.']}",)
23:21:13 - ERR - post - ("Error al validar el request -> {'login_email': ['Missing data for required field.'], 'login_user': ['Unknown field.']}",)
23:21:13 - ERR - post - ("Error al validar el request -> {'login_email': ['Missing data for required field.'], 'login_user': ['Unknown field.']}",)
23:21:14 - ERR - post - ("Error al validar el request -> {'login_email': ['Missing data for required field.'], 'login_user': ['Unknown field.']}",)
23:21:14 - ERR - post - ("Error al validar el request -> {'login_email': ['Missing data for required field.'], 'login_user': ['Unknown field.']}",)
23:21:14 - ERR - post - ("Error al validar el request -> {'login_email': ['Missing data for required field.'], 'login_user': ['Unknown field.']}",)
23:21:14 - ERR - post - ("Error al validar el request -> {'login_email': ['Missing data for required field.'], 'login_user': ['Unknown field.']}",)
23:47:17 - ERR - TokenValidate - ('Signature has expired',)
23:47:29 - ERR - post - ("Error al validar el request -> {'user_id': ['Missing data for required field.']}",)
23:50:06 - ERR - post - ("Error al validar el request -> {'user_id': ['Missing data for required field.']}",)
