00:08:55 - ERR - listar_publicaciones - (NameError("name 'datetime' is not defined"),)
00:09:13 - ERR - listar_publicaciones - (NameError("name 'datetime' is not defined"),)
00:09:21 - ERR - listar_publicaciones - (NameError("name 'datetime' is not defined"),)
00:10:32 - ERR - post - ("Error al validar el request -> {'login_email': ['Missing data for required field.'], 'login_user': ['Unknown field.']}",)
00:22:43 - ERR - post - ("Error al validar el request -> {'amigo_id': ['Missing data for required field.'], 'user_id': ['Missing data for required field.'], 'login_password': ['Unknown field.'], 'login_user': ['Unknown field.']}",)
14:10:30 - ERR - post - ("Error al validar el request -> {'login_email': ['Missing data for required field.'], 'login_password': ['Missing data for required field.'], 'email': ['Unknown field.'], 'password': ['Unknown field.']}",)
14:11:28 - ERR - post - ("Error al validar el request -> {'login_email': ['Missing data for required field.'], 'login_password': ['Missing data for required field.'], 'email': ['Unknown field.'], 'password': ['Unknown field.']}",)
14:11:30 - ERR - post - ("Error al validar el request -> {'login_email': ['Missing data for required field.'], 'login_password': ['Missing data for required field.'], 'email': ['Unknown field.'], 'password': ['Unknown field.']}",)
15:12:25 - ERR - TokenValidate - ('Not enough segments',)
15:12:29 - ERR - TokenValidate - ('Not enough segments',)
15:16:01 - ERR - TokenValidate - ('Not enough segments',)
15:16:03 - ERR - TokenValidate - ('Not enough segments',)
15:16:04 - ERR - TokenValidate - ('Not enough segments',)
15:16:23 - ERR - TokenValidate - ('Not enough segments',)
15:16:23 - ERR - TokenValidate - ('Not enough segments',)
15:16:24 - ERR - TokenValidate - ('Not enough segments',)
15:18:04 - ERR - TokenValidate - ('Not enough segments',)
15:18:07 - ERR - TokenValidate - ('Not enough segments',)
15:18:09 - ERR - TokenValidate - ('Not enough segments',)
15:18:48 - ERR - TokenValidate - ('Not enough segments',)
15:22:56 - ERR - TokenValidate - ('Not enough segments',)
15:23:11 - ERR - TokenValidate - ('Not enough segments',)
15:23:32 - ERR - TokenValidate - ('Not enough segments',)
15:23:53 - ERR - TokenValidate - ('Not enough segments',)
15:25:06 - ERR - TokenValidate - ('Not enough segments',)
15:25:14 - ERR - TokenValidate - ('Not enough segments',)
15:25:16 - ERR - TokenValidate - ('Not enough segments',)
15:25:22 - ERR - TokenValidate - ('Not enough segments',)
15:25:25 - ERR - TokenValidate - ('Not enough segments',)
15:25:29 - ERR - TokenValidate - ('Not enough segments',)
15:25:31 - ERR - TokenValidate - ('Not enough segments',)
15:34:45 - ERR - ExecuteNonQuery - (UniqueViolation('llave duplicada viola restricción de unicidad «unique_friendship»\nDETAIL:  Ya existe la llave (user_id, amigo_id)=(1, 6).\n'),)
15:35:13 - ERR - TokenValidate - ("Invalid token type. Token must be a <class 'bytes'>",)
15:35:18 - ERR - TokenValidate - ("Invalid token type. Token must be a <class 'bytes'>",)
15:35:52 - ERR - TokenValidate - ("Invalid token type. Token must be a <class 'bytes'>",)
15:35:57 - ERR - get - (KeyError('HTTP_TOKENAPP'),)
15:36:19 - ERR - get - (KeyError('HTTP_TOKENAPP'),)
15:36:35 - ERR - get - (KeyError('HTTP_TOKENAPP'),)
15:37:59 - ERR - get - (KeyError('HTTP_TOKENAPP'),)
15:39:07 - ERR - get - (KeyError('HTTP_TOKENAPP'),)
15:45:41 - ERR - get - (KeyError('HTTP_TOKENAPP'),)
15:46:01 - ERR - get - (KeyError('HTTP_TOKENAPP'),)
15:46:40 - ERR - get - (AttributeError("'NoneType' object has no attribute 'split'"),)
15:48:37 - ERR - get - (KeyError('HTTP_TOKENAPP'),)
15:49:29 - ERR - get - (KeyError('HTTP_TOKENAPP'),)
15:50:50 - ERR - get - (KeyError('HTTP_TOKENAPP'),)
15:50:53 - ERR - get - (KeyError('HTTP_TOKENAPP'),)
15:51:13 - ERR - get - (KeyError('HTTP_TOKENAPP'),)
17:24:17 - ERR - TokenValidate - ('Not enough segments',)
17:32:52 - ERR - listar_publicaciones - (NameError("name 'datetime' is not defined"),)
17:35:24 - ERR - listar_publicaciones - (TypeError('isinstance() arg 2 must be a type, a tuple of types, or a union'),)
17:35:33 - ERR - listar_publicaciones - (TypeError('isinstance() arg 2 must be a type, a tuple of types, or a union'),)
17:35:43 - ERR - listar_publicaciones - (TypeError('isinstance() arg 2 must be a type, a tuple of types, or a union'),)
17:38:56 - ERR - listar_publicaciones - (TypeError('isinstance() arg 2 must be a type, a tuple of types, or a union'),)
17:39:02 - ERR - listar_publicaciones - (TypeError('isinstance() arg 2 must be a type, a tuple of types, or a union'),)
17:43:21 - ERR - post - (<BadRequest '400: Bad Request'>,)
17:43:34 - ERR - post - (<BadRequest '400: Bad Request'>,)
17:43:37 - ERR - post - (<BadRequest '400: Bad Request'>,)
17:45:14 - ERR - get - (KeyError('HTTP_TOKENAPP'),)
17:45:30 - ERR - get - (KeyError('HTTP_TOKENAPP'),)
17:45:34 - ERR - get - (KeyError('HTTP_TOKENAPP'),)
17:45:42 - ERR - get - (KeyError('HTTP_TOKENAPP'),)
17:46:05 - ERR - get - (KeyError('HTTP_TOKENAPP'),)
17:46:11 - ERR - get - (KeyError('HTTP_TOKENAPP'),)
17:46:17 - ERR - get - (KeyError('HTTP_TOKENAPP'),)
17:46:28 - ERR - get - (KeyError('HTTP_TOKENAPP'),)
17:46:50 - ERR - get - (KeyError('HTTP_TOKENAPP'),)
17:47:06 - ERR - get - (KeyError('HTTP_TOKENAPP'),)
17:47:27 - ERR - get - (KeyError('HTTP_TOKENAPP'),)
17:48:45 - ERR - get - (KeyError('HTTP_TOKENAPP'),)
17:49:50 - ERR - get - (KeyError('HTTP_TOKENAPP'),)
17:50:29 - ERR - get - (KeyError('HTTP_TOKENAPP'),)
17:50:36 - ERR - get - (KeyError('HTTP_TOKENAPP'),)
17:50:40 - ERR - get - (KeyError('HTTP_TOKENAPP'),)
17:50:54 - ERR - get - (KeyError('HTTP_TOKENAPP'),)
17:51:09 - ERR - get - (KeyError('HTTP_TOKENAPP'),)
17:51:13 - ERR - get - (KeyError('HTTP_TOKENAPP'),)
17:51:51 - ERR - get - (KeyError('HTTP_TOKENAPP'),)
17:52:43 - ERR - get - (KeyError('HTTP_TOKENAPP'),)
17:52:53 - ERR - get - (KeyError('HTTP_TOKENAPP'),)
17:52:56 - ERR - get - (KeyError('HTTP_TOKENAPP'),)
17:53:02 - ERR - get - (KeyError('HTTP_TOKENAPP'),)
17:53:05 - ERR - get - (KeyError('HTTP_TOKENAPP'),)
17:53:08 - ERR - get - (KeyError('HTTP_TOKENAPP'),)
17:53:12 - ERR - get - (KeyError('HTTP_TOKENAPP'),)
17:53:15 - ERR - get - (KeyError('HTTP_TOKENAPP'),)
17:53:18 - ERR - get - (KeyError('HTTP_TOKENAPP'),)
17:53:23 - ERR - get - (KeyError('HTTP_TOKENAPP'),)
17:53:26 - ERR - get - (KeyError('HTTP_TOKENAPP'),)
17:53:29 - ERR - get - (KeyError('HTTP_TOKENAPP'),)
17:53:33 - ERR - get - (KeyError('HTTP_TOKENAPP'),)
17:58:05 - ERR - post - (<BadRequest '400: Bad Request'>,)
