14:55:40 - INF - <module> - ('Servicio Iniciado',)
14:55:40 - INF - <module> - ('Servicio Iniciado',)
14:56:07 - INF - post - ('Ejecutando servicio de Login',)
14:56:12 - INF - post - ('Ejecutando servicio de Login',)
14:56:53 - INF - post - ('Ejecutando servicio de Login',)
14:57:03 - INF - post - ('Ejecutando servicio de Login',)
15:01:19 - INF - post - ('Ejecutando servicio de Login',)
15:02:11 - INF - post - ('Ejecutando servicio de Login',)
15:04:13 - INF - post - ('Ejecutando servicio de Login',)
15:05:13 - INF - post - ('Ejecutando servicio de Login',)
15:05:52 - INF - post - ('Ejecutando servicio de Login',)
15:07:43 - INF - post - ('Ejecutando servicio de Login',)
15:08:40 - INF - post - ('Ejecutando servicio de Login',)
15:08:51 - INF - post - ('Ejecutando servicio de Login',)
15:10:02 - INF - post - ('Ejecutando servicio de Login',)
15:12:37 - INF - post - ('Ejecutando servicio de Login',)
15:12:38 - INF - post - ('Ejecutando servicio de Login',)
15:12:48 - INF - post - ('Ejecutando servicio de Login',)
15:12:57 - INF - post - ('Ejecutando servicio de Login',)
15:15:31 - INF - post - ('Ejecutando servicio de Login',)
15:15:43 - INF - post - ('Ejecutando servicio de Login',)
15:16:03 - INF - post - ('Ejecutando servicio de Login',)
15:16:42 - INF - post - ('Ejecutando servicio de Login',)
15:22:06 - INF - post - ('Ejecutando servicio de Login',)
15:22:39 - INF - post - ('Ejecutando servicio de Login',)
15:22:52 - INF - post - ('Ejecutando servicio de Login',)
15:25:43 - INF - post - ('Ejecutando servicio de Login',)
15:25:50 - INF - post - ('Ejecutando servicio de Login',)
15:27:17 - INF - post - ('Ejecutando servicio de Login',)
15:27:27 - INF - post - ('Ejecutando servicio de Login',)
15:31:56 - INF - post - ('Ejecutando servicio de Login',)
15:32:03 - INF - post - ('Ejecutando servicio de Login',)
15:32:20 - INF - post - ('Ejecutando servicio de Login',)
15:32:21 - INF - post - ('Ejecutando servicio de Login',)
15:32:55 - INF - post - ('Ejecutando servicio de Login',)
15:34:29 - INF - post - ('Ejecutando servicio de Login',)
16:12:30 - INF - post - ('Ejecutando servicio de Agregar Amigo',)
16:56:44 - INF - post - ('Ejecutando servicio de Crear Publicación',)
17:02:49 - INF - post - ('Ejecutando servicio de Crear Publicación',)
17:18:34 - INF - post - ('Ejecutando servicio de Reaccionar',)
17:20:50 - INF - post - ('Ejecutando servicio de Login',)
17:21:43 - INF - post - ('Ejecutando servicio de Login',)
17:25:02 - INF - post - ('Ejecutando servicio de Login',)
17:31:28 - INF - post - ('Ejecutando servicio de Reaccionar',)
17:46:55 - INF - post - ('Ejecutando servicio de Login',)
17:47:30 - INF - post - ('Ejecutando servicio de Agregar Comentario',)
17:55:50 - INF - post - ('Ejecutando servicio de Agregar Amigo',)
17:58:41 - INF - post - ('Ejecutando servicio de Login',)
18:28:20 - INF - <module> - ('Servicio Finalizado',)
18:28:20 - INF - <module> - ('Servicio Finalizado',)
