12:54:56 - INF - <module> - ('Servicio Iniciado',)
12:54:58 - INF - <module> - ('Servicio Iniciado',)
13:01:16 - INF - <module> - ('Servicio Finalizado',)
13:01:16 - INF - <module> - ('Servicio Finalizado',)
13:01:20 - INF - <module> - ('Servicio Iniciado',)
13:01:21 - INF - <module> - ('Servicio Iniciado',)
13:01:35 - INF - post - ('Ejecutando servicio de Login',)
13:02:32 - INF - <module> - ('Servicio Finalizado',)
13:02:32 - INF - <module> - ('Servicio Finalizado',)
17:17:04 - INF - <module> - ('Servicio Iniciado',)
17:17:06 - INF - <module> - ('Servicio Iniciado',)
17:17:11 - INF - <module> - ('Servicio Finalizado',)
17:17:11 - INF - <module> - ('Servicio Iniciado',)
17:17:57 - INF - <module> - ('Servicio Finalizado',)
17:17:57 - INF - <module> - ('Servicio Finalizado',)
17:25:57 - INF - <module> - ('Servicio Iniciado',)
17:25:58 - INF - <module> - ('Servicio Iniciado',)
20:53:11 - INF - post - ('Ejecutando servicio de Login',)
20:53:13 - INF - post - ('Ejecutando servicio de Login',)
20:53:19 - INF - post - ('Ejecutando servicio de Login',)
20:53:21 - INF - post - ('Ejecutando servicio de Login',)
20:53:47 - INF - post - ('Ejecutando servicio de Login',)
20:54:10 - INF - post - ('Ejecutando servicio de Login',)
20:54:10 - INF - post - ('Ejecutando servicio de Login',)
20:54:11 - INF - post - ('Ejecutando servicio de Login',)
20:54:23 - INF - post - ('Ejecutando servicio de Login',)
20:54:33 - INF - post - ('Ejecutando servicio de Login',)
20:56:59 - INF - post - ('Ejecutando servicio de Login',)
20:57:09 - INF - post - ('Ejecutando servicio de Login',)
20:57:28 - INF - get - ('Ejecutando servicio de Listar Usuario',)
20:57:28 - INF - TokenValidate - ('Error al validar el token',)
20:57:46 - INF - get - ('Ejecutando servicio de Listar Usuario',)
20:57:46 - INF - TokenValidate - ('Error al validar el token',)
20:57:47 - INF - get - ('Ejecutando servicio de Listar Usuario',)
20:57:47 - INF - TokenValidate - ('Error al validar el token',)
20:57:57 - INF - get - ('Ejecutando servicio de Listar Usuario',)
20:57:57 - INF - TokenValidate - ('Error al validar el token',)
20:57:58 - INF - get - ('Ejecutando servicio de Listar Usuario',)
20:57:58 - INF - TokenValidate - ('Error al validar el token',)
20:57:58 - INF - get - ('Ejecutando servicio de Listar Usuario',)
20:57:58 - INF - TokenValidate - ('Error al validar el token',)
20:57:58 - INF - get - ('Ejecutando servicio de Listar Usuario',)
20:57:58 - INF - TokenValidate - ('Error al validar el token',)
20:57:59 - INF - get - ('Ejecutando servicio de Listar Usuario',)
20:57:59 - INF - TokenValidate - ('Error al validar el token',)
20:57:59 - INF - get - ('Ejecutando servicio de Listar Usuario',)
20:57:59 - INF - TokenValidate - ('Error al validar el token',)
20:58:05 - INF - post - ('Ejecutando servicio de Login',)
20:58:27 - INF - get - ('Ejecutando servicio de Listar Usuario',)
20:59:01 - INF - get - ('Ejecutando servicio de Listar Amigos',)
21:00:18 - INF - post - ('Ejecutando servicio de Login',)
21:01:25 - INF - get - ('Ejecutando servicio de Listar Amigos',)
21:01:35 - INF - get - ('Ejecutando servicio de Listar Amigos',)
21:05:58 - INF - post - ('Ejecutando servicio de Crear Publicación',)
21:06:26 - INF - post - ('Ejecutando servicio de Crear Publicación',)
21:06:44 - INF - post - ('Ejecutando servicio de Crear Publicación',)
21:07:00 - INF - post - ('Ejecutando servicio de Crear Publicación',)
21:07:00 - INF - post - ('Ejecutando servicio de Crear Publicación',)
21:07:03 - INF - post - ('Ejecutando servicio de Crear Publicación',)
21:07:09 - INF - post - ('Ejecutando servicio de Login',)
21:07:16 - INF - get - ('Ejecutando servicio de Listar Usuario',)
21:07:21 - INF - get - ('Ejecutando servicio de Listar Amigos',)
21:09:31 - INF - post - ('Ejecutando servicio de Crear Publicación',)
21:10:12 - INF - post - ('Ejecutando servicio de Crear Publicación',)
21:10:24 - INF - post - ('Ejecutando servicio de Crear Publicación',)
21:10:26 - INF - post - ('Ejecutando servicio de Crear Publicación',)
21:10:31 - INF - post - ('Ejecutando servicio de Crear Publicación',)
21:11:31 - INF - <module> - ('Servicio Finalizado',)
21:11:31 - INF - <module> - ('Servicio Iniciado',)
21:11:49 - INF - post - ('Ejecutando servicio de Login',)
21:12:16 - INF - post - ('Ejecutando servicio de Login',)
21:12:26 - INF - post - ('Ejecutando servicio de Login',)
21:14:00 - INF - <module> - ('Servicio Finalizado',)
21:14:00 - INF - <module> - ('Servicio Finalizado',)
21:14:02 - INF - <module> - ('Servicio Iniciado',)
21:14:04 - INF - <module> - ('Servicio Iniciado',)
21:14:10 - INF - post - ('Ejecutando servicio de Login',)
21:14:20 - INF - post - ('Ejecutando servicio de Login',)
21:14:24 - INF - post - ('Ejecutando servicio de Login',)
21:14:26 - INF - post - ('Ejecutando servicio de Login',)
21:16:28 - INF - post - ('Ejecutando servicio de Login',)
21:16:52 - INF - post - ('Ejecutando servicio de Login',)
21:16:54 - INF - post - ('Ejecutando servicio de Login',)
21:17:00 - INF - <module> - ('Servicio Finalizado',)
21:17:00 - INF - <module> - ('Servicio Finalizado',)
21:17:09 - INF - <module> - ('Servicio Iniciado',)
21:17:11 - INF - <module> - ('Servicio Iniciado',)
21:17:15 - INF - post - ('Ejecutando servicio de Login',)
21:17:16 - INF - post - ('Ejecutando servicio de Login',)
21:17:17 - INF - post - ('Ejecutando servicio de Login',)
21:17:43 - INF - post - ('Ejecutando servicio de Login',)
21:17:44 - INF - post - ('Ejecutando servicio de Login',)
21:17:45 - INF - post - ('Ejecutando servicio de Login',)
21:18:50 - INF - post - ('Ejecutando servicio de Login',)
21:20:42 - INF - post - ('Ejecutando servicio de Login',)
21:20:43 - INF - post - ('Ejecutando servicio de Login',)
21:20:43 - INF - post - ('Ejecutando servicio de Login',)
21:20:43 - INF - post - ('Ejecutando servicio de Login',)
21:20:44 - INF - post - ('Ejecutando servicio de Login',)
21:21:00 - INF - post - ('Ejecutando servicio de Login',)
21:21:01 - INF - post - ('Ejecutando servicio de Login',)
21:21:01 - INF - post - ('Ejecutando servicio de Login',)
21:21:42 - INF - <module> - ('Servicio Finalizado',)
21:21:42 - INF - <module> - ('Servicio Finalizado',)
22:34:07 - INF - <module> - ('Servicio Iniciado',)
22:34:08 - INF - <module> - ('Servicio Iniciado',)
22:37:30 - INF - post - ('Ejecutando servicio de Login',)
22:37:30 - INF - post - ('Ejecutando servicio de Login',)
22:37:32 - INF - post - ('Ejecutando servicio de Login',)
22:37:32 - INF - post - ('Ejecutando servicio de Login',)
22:37:35 - INF - post - ('Ejecutando servicio de Login',)
22:37:42 - INF - post - ('Ejecutando servicio de Login',)
22:42:16 - INF - post - ('Ejecutando servicio de Login',)
22:42:17 - INF - post - ('Ejecutando servicio de Login',)
22:42:58 - INF - post - ('Ejecutando servicio de Login',)
22:46:20 - INF - <module> - ('Servicio Finalizado',)
22:46:20 - INF - <module> - ('Servicio Finalizado',)
22:47:25 - INF - <module> - ('Servicio Iniciado',)
22:47:27 - INF - <module> - ('Servicio Iniciado',)
22:47:31 - INF - post - ('Ejecutando servicio de Login',)
22:47:32 - INF - post - ('Ejecutando servicio de Login',)
22:48:11 - INF - post - ('Ejecutando servicio de Login',)
22:48:18 - INF - post - ('Ejecutando servicio de Login',)
22:53:37 - INF - <module> - ('Servicio Finalizado',)
22:53:37 - INF - <module> - ('Servicio Finalizado',)
22:55:19 - INF - <module> - ('Servicio Iniciado',)
22:55:20 - INF - <module> - ('Servicio Iniciado',)
22:55:44 - INF - post - ('Ejecutando servicio de Login',)
22:55:45 - INF - post - ('Ejecutando servicio de Login',)
22:55:46 - INF - post - ('Ejecutando servicio de Login',)
22:55:47 - INF - post - ('Ejecutando servicio de Login',)
22:55:47 - INF - post - ('Ejecutando servicio de Login',)
22:55:47 - INF - post - ('Ejecutando servicio de Login',)
22:55:55 - INF - post - ('Ejecutando servicio de Login',)
22:56:04 - INF - <module> - ('Servicio Finalizado',)
22:56:04 - INF - <module> - ('Servicio Finalizado',)
22:56:14 - INF - <module> - ('Servicio Iniciado',)
22:56:15 - INF - <module> - ('Servicio Iniciado',)
22:56:40 - INF - post - ('Ejecutando servicio de Login',)
22:56:41 - INF - post - ('Ejecutando servicio de Login',)
22:56:42 - INF - post - ('Ejecutando servicio de Login',)
22:56:42 - INF - post - ('Ejecutando servicio de Login',)
22:56:42 - INF - post - ('Ejecutando servicio de Login',)
22:57:45 - INF - <module> - ('Servicio Finalizado',)
22:57:45 - INF - <module> - ('Servicio Finalizado',)
22:58:01 - INF - <module> - ('Servicio Iniciado',)
22:58:02 - INF - <module> - ('Servicio Iniciado',)
23:20:58 - INF - post - ('Ejecutando servicio de Login',)
23:21:10 - INF - post - ('Ejecutando servicio de Login',)
23:21:12 - INF - post - ('Ejecutando servicio de Login',)
23:21:13 - INF - post - ('Ejecutando servicio de Login',)
23:21:13 - INF - post - ('Ejecutando servicio de Login',)
23:21:13 - INF - post - ('Ejecutando servicio de Login',)
23:21:14 - INF - post - ('Ejecutando servicio de Login',)
23:21:14 - INF - post - ('Ejecutando servicio de Login',)
23:21:14 - INF - post - ('Ejecutando servicio de Login',)
23:21:14 - INF - post - ('Ejecutando servicio de Login',)
23:21:28 - INF - post - ('Ejecutando servicio de Login',)
23:21:39 - INF - post - ('Ejecutando servicio de Login',)
23:21:58 - INF - get - ('Ejecutando servicio de Listar Usuario',)
23:22:26 - INF - get - ('Ejecutando servicio de Listar Amigos',)
23:28:15 - INF - get - ('Ejecutando servicio de Listar Amigos',)
23:28:19 - INF - get - ('Ejecutando servicio de Listar Amigos',)
23:28:25 - INF - get - ('Ejecutando servicio de Listar Amigos',)
23:28:31 - INF - get - ('Ejecutando servicio de Listar Amigos',)
23:39:51 - INF - get - ('Ejecutando servicio de Listar Amigos',)
23:39:51 - INF - get - ('Ejecutando servicio de Listar Amigos',)
23:40:33 - INF - <module> - ('Servicio Finalizado',)
23:40:33 - INF - <module> - ('Servicio Finalizado',)
23:47:02 - INF - <module> - ('Servicio Iniciado',)
23:47:03 - INF - <module> - ('Servicio Iniciado',)
23:47:09 - INF - post - ('Ejecutando servicio de Login',)
23:47:17 - INF - get - ('Ejecutando servicio de Listar Usuario',)
23:47:17 - INF - TokenValidate - ('Error al validar el token',)
23:47:22 - INF - get - ('Ejecutando servicio de Listar Usuario',)
23:47:29 - INF - post - ('Ejecutando servicio de Crear Publicación',)
23:47:44 - INF - post - ('Ejecutando servicio de Crear Publicación',)
23:48:15 - INF - get - ('Ejecutando servicio de Listar Publicaciones',)
23:48:18 - INF - get - ('Ejecutando servicio de Listar Publicaciones',)
23:48:25 - INF - get - ('Ejecutando servicio de Listar Publicaciones',)
23:48:54 - INF - get - ('Ejecutando servicio de Listar Publicaciones',)
23:49:00 - INF - get - ('Ejecutando servicio de Listar Publicaciones',)
23:49:12 - INF - get - ('Ejecutando servicio de Listar Publicaciones',)
23:50:06 - INF - post - ('Ejecutando servicio de Reaccionar',)
23:50:20 - INF - post - ('Ejecutando servicio de Reaccionar',)
23:50:53 - INF - post - ('Ejecutando servicio de Reaccionar',)
23:51:52 - INF - post - ('Ejecutando servicio de Agregar Comentario',)
23:52:24 - INF - get - ('Ejecutando servicio de Listar Publicaciones',)
23:54:25 - INF - get - ('Ejecutando servicio de Listar Publicaciones',)
