00:02:47 - INF - get - ('Ejecutando servicio de Listar Publicaciones',)
00:07:46 - INF - <module> - ('Servicio Finalizado',)
00:07:46 - INF - <module> - ('Servicio Iniciado',)
00:08:09 - INF - <module> - ('Servicio Finalizado',)
00:08:09 - INF - <module> - ('Servicio Finalizado',)
00:08:51 - INF - <module> - ('Servicio Iniciado',)
00:08:52 - INF - <module> - ('Servicio Iniciado',)
00:08:55 - INF - get - ('Ejecutando servicio de Listar Publicaciones',)
00:09:13 - INF - get - ('Ejecutando servicio de Listar Publicaciones',)
00:09:17 - INF - get - ('Ejecutando servicio de Listar Publicaciones',)
00:09:21 - INF - get - ('Ejecutando servicio de Listar Publicaciones',)
00:10:32 - INF - post - ('Ejecutando servicio de Login',)
00:10:41 - INF - post - ('Ejecutando servicio de Login',)
00:11:04 - INF - post - ('Ejecutando servicio de Login',)
00:11:16 - INF - get - ('Ejecutando servicio de Listar Usuario',)
00:11:38 - INF - get - ('Ejecutando servicio de Listar Amigos',)
00:22:43 - INF - post - ('Ejecutando servicio de Agregar Amigo',)
00:23:13 - INF - post - ('Ejecutando servicio de Agregar Amigo',)
00:24:45 - INF - <module> - ('Servicio Finalizado',)
00:24:45 - INF - <module> - ('Servicio Finalizado',)
00:55:21 - INF - <module> - ('Servicio Iniciado',)
00:55:22 - INF - <module> - ('Servicio Iniciado',)
00:55:25 - INF - <module> - ('Servicio Finalizado',)
00:55:25 - INF - <module> - ('Servicio Finalizado',)
14:04:16 - INF - <module> - ('Servicio Iniciado',)
14:04:17 - INF - <module> - ('Servicio Iniciado',)
14:10:30 - INF - post - ('Ejecutando servicio de Login',)
14:11:28 - INF - post - ('Ejecutando servicio de Login',)
14:11:30 - INF - post - ('Ejecutando servicio de Login',)
14:14:44 - INF - post - ('Ejecutando servicio de Login',)
14:56:10 - INF - post - ('Ejecutando servicio de Login',)
14:56:20 - INF - post - ('Ejecutando servicio de Login',)
14:58:24 - INF - post - ('Ejecutando servicio de Login',)
14:58:33 - INF - post - ('Ejecutando servicio de Login',)
14:58:45 - INF - post - ('Ejecutando servicio de Login',)
14:58:52 - INF - post - ('Ejecutando servicio de Login',)
14:59:31 - INF - post - ('Ejecutando servicio de Login',)
15:06:20 - INF - <module> - ('Servicio Finalizado',)
15:06:20 - INF - <module> - ('Servicio Finalizado',)
15:12:01 - INF - <module> - ('Servicio Iniciado',)
15:12:02 - INF - <module> - ('Servicio Iniciado',)
15:12:05 - INF - post - ('Ejecutando servicio de Login',)
15:12:24 - INF - post - ('Ejecutando servicio de Login',)
15:12:25 - INF - get - ('Ejecutando servicio de Obtener Perfil de Usuario',)
15:12:25 - INF - TokenValidate - ('Error al validar el token',)
15:12:29 - INF - get - ('Ejecutando servicio de Obtener Perfil de Usuario',)
15:12:29 - INF - TokenValidate - ('Error al validar el token',)
15:16:01 - INF - get - ('Ejecutando servicio de Obtener Perfil de Usuario',)
15:16:01 - INF - TokenValidate - ('Error al validar el token',)
15:16:03 - INF - get - ('Ejecutando servicio de Obtener Perfil de Usuario',)
15:16:03 - INF - TokenValidate - ('Error al validar el token',)
15:16:04 - INF - get - ('Ejecutando servicio de Obtener Perfil de Usuario',)
15:16:04 - INF - TokenValidate - ('Error al validar el token',)
15:16:23 - INF - get - ('Ejecutando servicio de Obtener Perfil de Usuario',)
15:16:23 - INF - TokenValidate - ('Error al validar el token',)
15:16:23 - INF - get - ('Ejecutando servicio de Obtener Perfil de Usuario',)
15:16:23 - INF - TokenValidate - ('Error al validar el token',)
15:16:24 - INF - get - ('Ejecutando servicio de Obtener Perfil de Usuario',)
15:16:24 - INF - TokenValidate - ('Error al validar el token',)
15:18:04 - INF - get - ('Ejecutando servicio de Obtener Perfil de Usuario',)
15:18:04 - INF - TokenValidate - ('Error al validar el token',)
15:18:07 - INF - get - ('Ejecutando servicio de Obtener Perfil de Usuario',)
15:18:07 - INF - TokenValidate - ('Error al validar el token',)
15:18:09 - INF - get - ('Ejecutando servicio de Obtener Perfil de Usuario',)
15:18:09 - INF - TokenValidate - ('Error al validar el token',)
15:18:48 - INF - post - ('Ejecutando servicio de Login',)
15:18:48 - INF - get - ('Ejecutando servicio de Obtener Perfil de Usuario',)
15:18:48 - INF - TokenValidate - ('Error al validar el token',)
15:22:56 - INF - get - ('Ejecutando servicio de Obtener Perfil de Usuario',)
15:22:56 - INF - TokenValidate - ('Error al validar el token',)
15:23:10 - INF - post - ('Ejecutando servicio de Login',)
15:23:11 - INF - get - ('Ejecutando servicio de Obtener Perfil de Usuario',)
15:23:11 - INF - TokenValidate - ('Error al validar el token',)
15:23:32 - INF - post - ('Ejecutando servicio de Login',)
15:23:32 - INF - get - ('Ejecutando servicio de Obtener Perfil de Usuario',)
15:23:32 - INF - TokenValidate - ('Error al validar el token',)
15:23:53 - INF - post - ('Ejecutando servicio de Login',)
15:23:53 - INF - get - ('Ejecutando servicio de Obtener Perfil de Usuario',)
15:23:53 - INF - TokenValidate - ('Error al validar el token',)
15:25:06 - INF - get - ('Ejecutando servicio de Obtener Perfil de Usuario',)
15:25:06 - INF - TokenValidate - ('Error al validar el token',)
15:25:14 - INF - get - ('Ejecutando servicio de Obtener Perfil de Usuario',)
15:25:14 - INF - TokenValidate - ('Error al validar el token',)
15:25:16 - INF - get - ('Ejecutando servicio de Obtener Perfil de Usuario',)
15:25:16 - INF - TokenValidate - ('Error al validar el token',)
15:25:22 - INF - get - ('Ejecutando servicio de Obtener Perfil de Usuario',)
15:25:22 - INF - TokenValidate - ('Error al validar el token',)
15:25:25 - INF - get - ('Ejecutando servicio de Obtener Perfil de Usuario',)
15:25:25 - INF - TokenValidate - ('Error al validar el token',)
15:25:29 - INF - get - ('Ejecutando servicio de Obtener Perfil de Usuario',)
15:25:29 - INF - TokenValidate - ('Error al validar el token',)
15:25:31 - INF - get - ('Ejecutando servicio de Obtener Perfil de Usuario',)
15:25:31 - INF - TokenValidate - ('Error al validar el token',)
15:34:45 - INF - post - ('Ejecutando servicio de Agregar Amigo',)
15:35:13 - INF - get - ('Ejecutando servicio de Obtener Perfil de Usuario',)
15:35:13 - INF - TokenValidate - ('Error al validar el token',)
15:35:18 - INF - get - ('Ejecutando servicio de Obtener Perfil de Usuario',)
15:35:18 - INF - TokenValidate - ('Error al validar el token',)
15:35:52 - INF - get - ('Ejecutando servicio de Obtener Perfil de Usuario',)
15:35:52 - INF - TokenValidate - ('Error al validar el token',)
15:35:57 - INF - get - ('Ejecutando servicio de Listar Usuario',)
15:36:19 - INF - get - ('Ejecutando servicio de Listar Usuario',)
15:36:35 - INF - get - ('Ejecutando servicio de Listar Usuario',)
15:37:59 - INF - get - ('Ejecutando servicio de Listar Usuario',)
15:39:07 - INF - get - ('Ejecutando servicio de Listar Usuario',)
15:43:16 - INF - <module> - ('Servicio Finalizado',)
15:43:16 - INF - <module> - ('Servicio Iniciado',)
15:45:35 - INF - <module> - ('Servicio Finalizado',)
15:45:35 - INF - <module> - ('Servicio Iniciado',)
15:45:41 - INF - get - ('Ejecutando servicio de Listar Usuario',)
15:45:54 - INF - <module> - ('Servicio Finalizado',)
15:45:54 - INF - <module> - ('Servicio Finalizado',)
15:45:56 - INF - <module> - ('Servicio Iniciado',)
15:45:56 - INF - <module> - ('Servicio Iniciado',)
15:46:01 - INF - get - ('Ejecutando servicio de Listar Usuario',)
15:46:40 - INF - get - ('Ejecutando servicio de Obtener Perfil de Usuario',)
15:47:49 - INF - <module> - ('Servicio Finalizado',)
15:47:49 - INF - <module> - ('Servicio Iniciado',)
15:47:55 - INF - <module> - ('Servicio Finalizado',)
15:47:56 - INF - <module> - ('Servicio Finalizado',)
15:48:35 - INF - <module> - ('Servicio Iniciado',)
15:48:35 - INF - <module> - ('Servicio Iniciado',)
15:48:37 - INF - get - ('Ejecutando servicio de Listar Usuario',)
15:49:17 - INF - get - ('Ejecutando servicio de Listar Amigos',)
15:49:29 - INF - get - ('Ejecutando servicio de Listar Usuario',)
15:50:50 - INF - get - ('Ejecutando servicio de Listar Usuario',)
15:50:53 - INF - get - ('Ejecutando servicio de Listar Usuario',)
15:51:13 - INF - get - ('Ejecutando servicio de Listar Usuario',)
15:52:28 - INF - post - ('Ejecutando servicio de Login',)
16:53:17 - INF - post - ('Ejecutando servicio de Login',)
16:54:49 - INF - post - ('Ejecutando servicio de Login',)
16:55:12 - INF - post - ('Ejecutando servicio de Login',)
16:55:14 - INF - post - ('Ejecutando servicio de Login',)
17:24:17 - INF - get - ('Ejecutando servicio de Listar Usuario',)
17:24:17 - INF - TokenValidate - ('Error al validar el token',)
17:32:52 - INF - get - ('Ejecutando servicio de Listar Publicaciones',)
17:33:53 - INF - <module> - ('Servicio Finalizado',)
17:33:53 - INF - <module> - ('Servicio Finalizado',)
17:35:21 - INF - <module> - ('Servicio Iniciado',)
17:35:22 - INF - <module> - ('Servicio Iniciado',)
17:35:24 - INF - get - ('Ejecutando servicio de Listar Publicaciones',)
17:35:33 - INF - get - ('Ejecutando servicio de Listar Publicaciones',)
17:35:36 - INF - get - ('Ejecutando servicio de Listar Publicaciones',)
17:35:40 - INF - get - ('Ejecutando servicio de Listar Publicaciones',)
17:35:43 - INF - get - ('Ejecutando servicio de Listar Publicaciones',)
17:38:56 - INF - get - ('Ejecutando servicio de Listar Publicaciones',)
17:39:02 - INF - get - ('Ejecutando servicio de Listar Publicaciones',)
17:39:13 - INF - get - ('Ejecutando servicio de Listar Publicaciones',)
17:39:48 - INF - <module> - ('Servicio Finalizado',)
17:39:48 - INF - <module> - ('Servicio Finalizado',)
17:40:00 - INF - <module> - ('Servicio Iniciado',)
17:40:00 - INF - <module> - ('Servicio Iniciado',)
17:40:02 - INF - get - ('Ejecutando servicio de Listar Publicaciones',)
17:40:30 - INF - <module> - ('Servicio Finalizado',)
17:40:31 - INF - <module> - ('Servicio Iniciado',)
17:40:33 - INF - get - ('Ejecutando servicio de Listar Publicaciones',)
17:40:38 - INF - get - ('Ejecutando servicio de Listar Publicaciones',)
17:41:12 - INF - get - ('Ejecutando servicio de Listar Publicaciones',)
17:41:20 - INF - get - ('Ejecutando servicio de Listar Publicaciones',)
17:41:23 - INF - get - ('Ejecutando servicio de Listar Publicaciones',)
17:43:21 - INF - post - ('Ejecutando servicio de Login',)
17:43:34 - INF - post - ('Ejecutando servicio de Login',)
17:43:37 - INF - post - ('Ejecutando servicio de Login',)
17:44:42 - INF - post - ('Ejecutando servicio de Login',)
17:45:14 - INF - get - ('Ejecutando servicio de Listar Usuario',)
17:45:30 - INF - get - ('Ejecutando servicio de Listar Usuario',)
17:45:34 - INF - get - ('Ejecutando servicio de Listar Usuario',)
17:45:42 - INF - get - ('Ejecutando servicio de Listar Usuario',)
17:46:05 - INF - get - ('Ejecutando servicio de Listar Usuario',)
17:46:11 - INF - get - ('Ejecutando servicio de Listar Usuario',)
17:46:17 - INF - get - ('Ejecutando servicio de Listar Usuario',)
17:46:28 - INF - get - ('Ejecutando servicio de Listar Usuario',)
17:46:50 - INF - get - ('Ejecutando servicio de Listar Usuario',)
17:47:06 - INF - get - ('Ejecutando servicio de Listar Usuario',)
17:47:27 - INF - get - ('Ejecutando servicio de Listar Usuario',)
17:48:45 - INF - get - ('Ejecutando servicio de Listar Usuario',)
17:49:50 - INF - get - ('Ejecutando servicio de Listar Usuario',)
17:50:10 - INF - post - ('Ejecutando servicio de Login',)
17:50:29 - INF - get - ('Ejecutando servicio de Listar Usuario',)
17:50:36 - INF - get - ('Ejecutando servicio de Listar Usuario',)
17:50:40 - INF - get - ('Ejecutando servicio de Listar Usuario',)
17:50:54 - INF - get - ('Ejecutando servicio de Listar Usuario',)
17:51:09 - INF - get - ('Ejecutando servicio de Listar Usuario',)
17:51:13 - INF - get - ('Ejecutando servicio de Listar Usuario',)
17:51:51 - INF - get - ('Ejecutando servicio de Listar Usuario',)
17:52:43 - INF - get - ('Ejecutando servicio de Listar Usuario',)
17:52:53 - INF - get - ('Ejecutando servicio de Listar Usuario',)
17:52:56 - INF - get - ('Ejecutando servicio de Listar Usuario',)
17:53:02 - INF - get - ('Ejecutando servicio de Listar Usuario',)
17:53:05 - INF - get - ('Ejecutando servicio de Listar Usuario',)
17:53:08 - INF - get - ('Ejecutando servicio de Listar Usuario',)
17:53:12 - INF - get - ('Ejecutando servicio de Listar Usuario',)
17:53:15 - INF - get - ('Ejecutando servicio de Listar Usuario',)
17:53:18 - INF - get - ('Ejecutando servicio de Listar Usuario',)
17:53:23 - INF - get - ('Ejecutando servicio de Listar Usuario',)
17:53:26 - INF - get - ('Ejecutando servicio de Listar Usuario',)
17:53:29 - INF - get - ('Ejecutando servicio de Listar Usuario',)
17:53:33 - INF - get - ('Ejecutando servicio de Listar Usuario',)
17:55:23 - INF - post - ('Ejecutando servicio de Login',)
17:55:31 - INF - get - ('Ejecutando servicio de Listar Usuario',)
17:58:05 - INF - post - ('Ejecutando servicio de Agregar Amigo',)
17:59:41 - INF - post - ('Ejecutando servicio de Agregar Amigo',)
18:00:47 - INF - get - ('Ejecutando servicio de Listar Amigos',)
18:02:56 - INF - post - ('Ejecutando servicio de Crear Publicación',)
18:03:23 - INF - get - ('Ejecutando servicio de Listar Publicaciones',)
18:05:43 - INF - post - ('Ejecutando servicio de Reaccionar',)
18:07:18 - INF - post - ('Ejecutando servicio de Agregar Comentario',)
21:42:14 - INF - <module> - ('Servicio Finalizado',)
21:42:14 - INF - <module> - ('Servicio Finalizado',)
23:09:00 - INF - <module> - ('Servicio Iniciado',)
23:09:01 - INF - <module> - ('Servicio Iniciado',)
23:09:26 - INF - post - ('Ejecutando servicio de Login',)
23:09:39 - INF - post - ('Ejecutando servicio de Login',)
23:09:57 - INF - post - ('Ejecutando servicio de Login',)
23:10:00 - INF - post - ('Ejecutando servicio de Login',)
23:21:33 - INF - <module> - ('Servicio Finalizado',)
23:21:33 - INF - <module> - ('Servicio Finalizado',)
