23:01:07 - INF - <module> - ('Servicio Iniciado',)
23:01:07 - INF - <module> - ('Servicio Iniciado',)
23:01:23 - INF - get - ('Ejecutando servicio de Listar Usuario',)
23:01:32 - INF - get - ('Listando publicaciones',)
23:03:13 - INF - get - ('Listando publicaciones',)
23:03:27 - INF - get - ('Listando reacciones de la publicación 1',)
23:03:39 - INF - get - ('Listando comentarios de la publicación 1',)
23:06:02 - INF - <module> - ('Servicio Finalizado',)
23:06:02 - INF - <module> - ('Servicio Finalizado',)
23:24:55 - INF - <module> - ('Servicio Iniciado',)
23:24:56 - INF - <module> - ('Servicio Iniciado',)
23:25:14 - INF - get - ('Ejecutando servicio de Listar Usuario',)
23:25:18 - INF - get - ('Ejecutando servicio de Listar Usuario',)
23:29:51 - INF - <module> - ('Servicio Finalizado',)
23:29:51 - INF - <module> - ('Servicio Iniciado',)
23:29:53 - INF - <module> - ('Servicio Finalizado',)
23:29:53 - INF - <module> - ('Servicio Finalizado',)
23:29:57 - INF - <module> - ('Servicio Iniciado',)
23:29:57 - INF - <module> - ('Servicio Iniciado',)
23:30:05 - INF - get - ('Ejecutando servicio de Listar Usuario',)
23:30:10 - INF - <module> - ('Servicio Finalizado',)
23:30:10 - INF - <module> - ('Servicio Finalizado',)
