21:14:51 - INF - <module> - ('Servicio Iniciado',)
21:14:52 - INF - <module> - ('Servicio Iniciado',)
21:15:07 - INF - get - ('Ejecutando servicio de Listar Usuario',)
21:15:07 - INF - TokenValidate - ('Error al validar el token',)
21:15:08 - INF - get - ('Ejecutando servicio de Listar Usuario',)
21:15:08 - INF - TokenValidate - ('Error al validar el token',)
21:15:09 - INF - get - ('Ejecutando servicio de Listar Usuario',)
21:15:09 - INF - TokenValidate - ('Error al validar el token',)
21:15:10 - INF - get - ('Ejecutando servicio de Listar Usuario',)
21:15:10 - INF - TokenValidate - ('Error al validar el token',)
21:15:26 - INF - get - ('Ejecutando servicio de Listar Usuario',)
21:15:26 - INF - TokenValidate - ('Error al validar el token',)
21:15:27 - INF - get - ('Ejecutando servicio de Listar Usuario',)
21:15:27 - INF - TokenValidate - ('Error al validar el token',)
21:15:27 - INF - get - ('Ejecutando servicio de Listar Usuario',)
21:15:27 - INF - TokenValidate - ('Error al validar el token',)
21:15:28 - INF - get - ('Ejecutando servicio de Listar Usuario',)
21:15:28 - INF - TokenValidate - ('Error al validar el token',)
21:15:57 - INF - <module> - ('Servicio Finalizado',)
21:15:57 - INF - <module> - ('Servicio Finalizado',)
22:06:17 - INF - <module> - ('Servicio Iniciado',)
22:06:18 - INF - <module> - ('Servicio Iniciado',)
22:07:55 - INF - <module> - ('Servicio Finalizado',)
22:07:55 - INF - <module> - ('Servicio Finalizado',)
22:20:47 - INF - <module> - ('Servicio Iniciado',)
22:20:47 - INF - <module> - ('Servicio Iniciado',)
22:21:31 - INF - <module> - ('Servicio Finalizado',)
22:21:31 - INF - <module> - ('Servicio Finalizado',)
23:55:25 - INF - <module> - ('Servicio Iniciado',)
23:55:26 - INF - <module> - ('Servicio Iniciado',)
23:57:05 - INF - post - ('Ejecutando servicio de Login',)
23:58:06 - INF - post - ('Ejecutando servicio de Login',)
23:58:26 - INF - <module> - ('Servicio Finalizado',)
23:58:27 - INF - <module> - ('Servicio Iniciado',)
23:58:30 - INF - post - ('Ejecutando servicio de Login',)
